ANF: vcsd_register_1st_RTL_rfn('./simv: undefined symbol: vcsd_register_1st_RTL_rfn')
ANF: vcsd_register_1st_sequential_rfn('./simv: undefined symbol: vcsd_register_1st_sequential_rfn')
ANF: vcsd_register_2nd_RTL_rfn('./simv: undefined symbol: vcsd_register_2nd_RTL_rfn')
ANF: vcsd_register_2nd_sequential_rfn('./simv: undefined symbol: vcsd_register_2nd_sequential_rfn')
ANF: scsd_xprop_is_enabled('./simv: undefined symbol: scsd_xprop_is_enabled')
ANF: scsd_xprop_sig_is_promoted('./simv: undefined symbol: scsd_xprop_sig_is_promoted')
ANF: scsd_xprop_int_xvalue('./simv: undefined symbol: scsd_xprop_int_xvalue')
ANF: scsd_xprop_bool_xvalue('./simv: undefined symbol: scsd_xprop_bool_xvalue')
ANF: scsd_xprop_enum_xvalue('./simv: undefined symbol: scsd_xprop_enum_xvalue')
ANF: scsd_xprop_register_merge_mode_cb('./simv: undefined symbol: scsd_xprop_register_merge_mode_cb')
ANF: scsd_xprop_delete_merge_mode_cb('./simv: undefined symbol: scsd_xprop_delete_merge_mode_cb')
ANF: scsd_xprop_get_merge_mode('./simv: undefined symbol: scsd_xprop_get_merge_mode')
ANF: msvEnableDumpingMode('./simv: undefined symbol: msvEnableDumpingMode')
ANF: msvGetVersion('./simv: undefined symbol: msvGetVersion')
ANF: msvGetInstProp('./simv: undefined symbol: msvGetInstProp')
ANF: msvIsSpiceEngineReady('./simv: undefined symbol: msvIsSpiceEngineReady')
ANF: msvSetAddProbeCallback('./simv: undefined symbol: msvSetAddProbeCallback')
ANF: msvGetInstHandle('./simv: undefined symbol: msvGetInstHandle')
ANF: msvGetProbeByInst('./simv: undefined symbol: msvGetProbeByInst')
ANF: msvGetSigHandle('./simv: undefined symbol: msvGetSigHandle')
ANF: msvGetProbeBySig('./simv: undefined symbol: msvGetProbeBySig')
ANF: msvGetProbeInfo('./simv: undefined symbol: msvGetProbeInfo')
ANF: msvRelease('./simv: undefined symbol: msvRelease')
ANF: msvSetVcCallbackFunc('./simv: undefined symbol: msvSetVcCallbackFunc')
ANF: msvCheckVcCallback('./simv: undefined symbol: msvCheckVcCallback')
ANF: msvAddVcCallback('./simv: undefined symbol: msvAddVcCallback')
ANF: msvRemoveVcCallback('./simv: undefined symbol: msvRemoveVcCallback')
ANF: msvGetLatestValue('./simv: undefined symbol: msvGetLatestValue')
ANF: msvSetEndofSimCallback('./simv: undefined symbol: msvSetEndofSimCallback')
ANF: msvIgnoredProbe('./simv: undefined symbol: msvIgnoredProbe')
ANF: msvGetThruNetInfo('./simv: undefined symbol: msvGetThruNetInfo')
ANF: msvFreeThruNetInfo('./simv: undefined symbol: msvFreeThruNetInfo')
ANF: PI_ace_get_output_time_unit('./simv: undefined symbol: PI_ace_get_output_time_unit')
ANF: PI_ace_sim_sync('./simv: undefined symbol: PI_ace_sim_sync')
ANF: msvGetRereadInitFile('./simv: undefined symbol: msvGetRereadInitFile')
ANF: msvSetBeforeRereadCallback('./simv: undefined symbol: msvSetBeforeRereadCallback')
ANF: msvSetAfterRereadCallback('./simv: undefined symbol: msvSetAfterRereadCallback')
ANF: msvSetForceCallback('./simv: undefined symbol: msvSetForceCallback')
ANF: msvSetReleaseCallback('./simv: undefined symbol: msvSetReleaseCallback')
ANF: msvGetForceStatus('./simv: undefined symbol: msvGetForceStatus')
ANF: vhdi_dt_get_type('./simv: undefined symbol: vhdi_dt_get_type')
ANF: vhdi_dt_get_key('./simv: undefined symbol: vhdi_dt_get_key')
ANF: vhdi_dt_get_vhdl_enum_info('./simv: undefined symbol: vhdi_dt_get_vhdl_enum_info')
ANF: vhdi_dt_get_vhdl_physical_info('./simv: undefined symbol: vhdi_dt_get_vhdl_physical_info')
ANF: vhdi_dt_get_vhdl_array_info('./simv: undefined symbol: vhdi_dt_get_vhdl_array_info')
ANF: vhdi_dt_get_vhdl_record_info('./simv: undefined symbol: vhdi_dt_get_vhdl_record_info')
ANF: vhdi_def_traverse_module('./simv: undefined symbol: vhdi_def_traverse_module')
ANF: vhdi_def_traverse_scope('./simv: undefined symbol: vhdi_def_traverse_scope')
ANF: vhdi_def_traverse_variable('./simv: undefined symbol: vhdi_def_traverse_variable')
ANF: vhdi_def_get_module_id_by_vhpi('./simv: undefined symbol: vhdi_def_get_module_id_by_vhpi')
ANF: vhdi_def_get_handle_by_module_id('./simv: undefined symbol: vhdi_def_get_handle_by_module_id')
ANF: vhdi_def_free('./simv: undefined symbol: vhdi_def_free')
ANF: vhdi_ist_traverse_scope('./simv: undefined symbol: vhdi_ist_traverse_scope')
ANF: vhdi_ist_traverse_variable('./simv: undefined symbol: vhdi_ist_traverse_variable')
ANF: vhdi_ist_convert_by_vhpi('./simv: undefined symbol: vhdi_ist_convert_by_vhpi')
ANF: vhdi_ist_clone('./simv: undefined symbol: vhdi_ist_clone')
ANF: vhdi_ist_free('./simv: undefined symbol: vhdi_ist_free')
ANF: vhdi_ist_hash_key('./simv: undefined symbol: vhdi_ist_hash_key')
ANF: vhdi_ist_compare('./simv: undefined symbol: vhdi_ist_compare')
ANF: vhdi_ist_get_value_addr('./simv: undefined symbol: vhdi_ist_get_value_addr')
ANF: vhdi_set_scsd_callback('./simv: undefined symbol: vhdi_set_scsd_callback')
ANF: vhdi_ist_check_scsd_callback('./simv: undefined symbol: vhdi_ist_check_scsd_callback')
ANF: vhdi_ist_add_scsd_callback('./simv: undefined symbol: vhdi_ist_add_scsd_callback')
ANF: vhdi_ist_remove_scsd_callback('./simv: undefined symbol: vhdi_ist_remove_scsd_callback')
ANF: vhdi_ist_get_scsd_user_data('./simv: undefined symbol: vhdi_ist_get_scsd_user_data')
ANF: vhdi_add_time_change_callback('./simv: undefined symbol: vhdi_add_time_change_callback')
ANF: vhdi_get_real_value_by_value_addr('./simv: undefined symbol: vhdi_get_real_value_by_value_addr')
ANF: vhdi_get_64_value_by_value_addr('./simv: undefined symbol: vhdi_get_64_value_by_value_addr')
ANF: vhdi_xprop_inst_is_promoted('./simv: undefined symbol: vhdi_xprop_inst_is_promoted')
VCS compile option:
 option[0]: ./simv
 option[1]: +fsdbfile+test.fsdb
 option[2]: +ntb_solver_mode=1
 option[3]: -cm
 option[4]: line+tgl
 option[5]: +ntb_random_seed=344
 option[6]: -l
 option[7]: run.log
 option[8]: /home/yy/EDA/VCS2016/linux/bin/vcs1
 option[9]: -Mcc=gcc
 option[10]: -Mcplusplus=g++
 option[11]: -Masflags=--32
 option[12]: -Mcfl= -pipe -m32 -O -I/home/yy/EDA/VCS2016/include 
 option[13]: -Mxcflags= -pipe -m32 -I/home/yy/EDA/VCS2016/include
 option[14]: -Mldflags= -m32 -m32 -LDFLAGS-wl,--rpth,/home/yy/EDA/disk2/verdi2016_06/share/PLI/VCS/LINUX -rdynamic 
 option[15]: -Mout=simv
 option[16]: -Mamsrun=
 option[17]: -Mvcsaceobjs=
 option[18]: -Mobjects= /home/yy/EDA/VCS2016/linux/lib/libvirsim.so /home/yy/EDA/VCS2016/linux/lib/liberrorinf.so /home/yy/EDA/VCS2016/linux/lib/libsnpsmalloc.so 
 option[19]: -Mexternalobj=
 option[20]: -Msaverestoreobj=/home/yy/EDA/VCS2016/linux/lib/vcs_save_restore_new.o
 option[21]: -Mcrt0=
 option[22]: -Mcrtn=
 option[23]: -Mcsrc=
 option[24]: -Msyslibs=/home/yy/EDA/disk2/verdi2016_06/share/PLI/VCS/LINUX/pli.a /home/yy/EDA/VCS2016/linux/lib/ctype-stubs_32.a -ldl 
 option[25]: -l
 option[26]: comp.log
 option[27]: +acc
 option[28]: -lca
 option[29]: -debug_access+all
 option[30]: +vpi
 option[31]: +vcsd1
 option[32]: +itf+/home/yy/EDA/VCS2016/linux/lib/vcsdp_lite.tab
 option[33]: -debug_access+all+dmptf+bc
 option[34]: -debug_region=cell+lib
 option[35]: -Xpiyushb1=0x80
 option[36]: -timescale=1ns/1ns
 option[37]: -o
 option[38]: simv
 option[39]: -picarchive
 option[40]: -P
 option[41]: /home/yy/EDA/disk2/verdi2016_06/share/PLI/VCS/LINUX/verdi.tab
 option[42]: -fsdb
 option[43]: +vpi
 option[44]: -sverilog
 option[45]: -gen_obj
 option[46]: +incdir+env+env
 option[47]: ./hdl/babbage.v
 option[48]: tests/test.sv
 option[49]: -load
 option[50]: /home/yy/EDA/disk2/verdi2016_06/share/PLI/VCS/LINUX/libnovas.so:FSDBDumpCmd
 option[51]: timescale=1ns/1ns
Chronologic Simulation VCS Release L-2016.06
Linux 3.10.0-514.26.2.el7.x86_64 #1 SMP Tue Jul 4 15:04:05 UTC 2017 x86_64
CPU cores: 2
Limit information:
======================================
cputime			unlimited
filesize		unlimited
datasize		unlimited
stacksize		8192 kbytes
coredumpsize	0 kbytes
memoryuse		unlimited
vmemoryuse		unlimited
descriptors		4096
memorylocked	64 kbytes
maxproc			4096
======================================
(Special)Runtime environment variables:

Runtime environment variables:
DESKTOP_SESSION=gnome-classic
XAUTHORITY=/run/gdm/auth-for-yy-zmvhyd/database
GDMSESSION=gnome-classic
XMODIFIERS=@im=ibus
SHELL=/bin/bash
GDM_LANG=en_US.UTF-8
VTE_VERSION=3804
_=/usr/bin/make
HISTCONTROL=ignoredups
USERNAME=yy
PERL_MM_OPT=INSTALL_BASE=/home/yy/perl5
QT_PLUGIN_PATH=/usr/lib64/kde4/plugins:/usr/lib/kde4/plugins
LESSOPEN=||/usr/bin/lesspipe.sh %s
PATH=/usr/lib64/qt-3.3/bin:/home/yy/perl5/bin:/usr/local/bin:/usr/local/sbin:/usr/bin:/usr/sbin:/bin:/sbin:/home/yy/EDA/VCS2016/gui/dve/bin:/home/yy/EDA/VCS2016/bin:/home/yy/EDA/disk2/verdi2016_06/bin:/home/yy/EDA/disk2/verdi2016_06/platform/LINUX/bin:/home/yy/EDA/scl11_12/linux/bin:/home/yy/.local/bin:/home/yy/bin:/home/yy/EDA/VCS2016/gui/dve/bin:/home/yy/EDA/VCS2016/bin:/home/yy/EDA/disk2/verdi2016_06/bin:/home/yy/EDA/disk2/verdi2016_06/platform/LINUX/bin:/home/yy/EDA/scl11_12/linux/bin
LM_LICENSE_FILE=27000@localhost
GPG_AGENT_INFO=/run/user/1000/keyring/gpg:0:1
QT_GRAPHICSSYSTEM_CHECKED=1
SESSION_MANAGER=local/unix:@/tmp/.ICE-unix/2897,unix/unix:/tmp/.ICE-unix/2897
XDG_RUNTIME_DIR=/run/user/1000
WINDOWID=35690564
XDG_MENU_PREFIX=gnome-
LS_COLORS=rs=0:di=38;5;27:ln=38;5;51:mh=44;38;5;15:pi=40;38;5;11:so=38;5;13:do=38;5;5:bd=48;5;232;38;5;11:cd=48;5;232;38;5;3:or=48;5;232;38;5;9:mi=05;48;5;232;38;5;15:su=48;5;196;38;5;15:sg=48;5;11;38;5;16:ca=48;5;196;38;5;226:tw=48;5;10;38;5;16:ow=48;5;10;38;5;21:st=48;5;21;38;5;15:ex=38;5;34:*.tar=38;5;9:*.tgz=38;5;9:*.arc=38;5;9:*.arj=38;5;9:*.taz=38;5;9:*.lha=38;5;9:*.lz4=38;5;9:*.lzh=38;5;9:*.lzma=38;5;9:*.tlz=38;5;9:*.txz=38;5;9:*.tzo=38;5;9:*.t7z=38;5;9:*.zip=38;5;9:*.z=38;5;9:*.Z=38;5;9:*.dz=38;5;9:*.gz=38;5;9:*.lrz=38;5;9:*.lz=38;5;9:*.lzo=38;5;9:*.xz=38;5;9:*.bz2=38;5;9:*.bz=38;5;9:*.tbz=38;5;9:*.tbz2=38;5;9:*.tz=38;5;9:*.deb=38;5;9:*.rpm=38;5;9:*.jar=38;5;9:*.war=38;5;9:*.ear=38;5;9:*.sar=38;5;9:*.rar=38;5;9:*.alz=38;5;9:*.ace=38;5;9:*.zoo=38;5;9:*.cpio=38;5;9:*.7z=38;5;9:*.rz=38;5;9:*.cab=38;5;9:*.jpg=38;5;13:*.jpeg=38;5;13:*.gif=38;5;13:*.bmp=38;5;13:*.pbm=38;5;13:*.pgm=38;5;13:*.ppm=38;5;13:*.tga=38;5;13:*.xbm=38;5;13:*.xpm=38;5;13:*.tif=38;5;13:*.tiff=38;5;13:*.png=38;5;13:*.svg=38;5;13:*.svgz=38;5;13:*.mng=38;5;13:*.pcx=38;5;13:*.mov=38;5;13:*.mpg=38;5;13:*.mpeg=38;5;13:*.m2v=38;5;13:*.mkv=38;5;13:*.webm=38;5;13:*.ogm=38;5;13:*.mp4=38;5;13:*.m4v=38;5;13:*.mp4v=38;5;13:*.vob=38;5;13:*.qt=38;5;13:*.nuv=38;5;13:*.wmv=38;5;13:*.asf=38;5;13:*.rm=38;5;13:*.rmvb=38;5;13:*.flc=38;5;13:*.avi=38;5;13:*.fli=38;5;13:*.flv=38;5;13:*.gl=38;5;13:*.dl=38;5;13:*.xcf=38;5;13:*.xwd=38;5;13:*.yuv=38;5;13:*.cgm=38;5;13:*.emf=38;5;13:*.axv=38;5;13:*.anx=38;5;13:*.ogv=38;5;13:*.ogx=38;5;13:*.aac=38;5;45:*.au=38;5;45:*.flac=38;5;45:*.mid=38;5;45:*.midi=38;5;45:*.mka=38;5;45:*.mp3=38;5;45:*.mpc=38;5;45:*.ogg=38;5;45:*.ra=38;5;45:*.wav=38;5;45:*.axa=38;5;45:*.oga=38;5;45:*.spx=38;5;45:*.xspf=38;5;45:
XDG_SESSION_DESKTOP=gnome-classic
SSH_AUTH_SOCK=/run/user/1000/keyring/ssh
KDEDIRS=/usr
DISPLAY=:0
IMSETTINGS_INTEGRATE_DESKTOP=yes
HOME=/home/yy
VCS_HOME=/home/yy/EDA/VCS2016
PWD=/home/yy/Desktop/My_prog/git_repo/babbage
XDG_SEAT=seat0
SSH_AGENT_PID=3079
VERDI_HOME=/home/yy/EDA/disk2/verdi2016_06
DBUS_SESSION_BUS_ADDRESS=unix:abstract=/tmp/dbus-FAtbNqUVbn,guid=f7050fedf89b144180639fd15a0a2324
LD_LIBRARY_PATH=/home/yy/EDA/disk2/verdi2016_06/share/PLI/VCS/LINUX
PERL_LOCAL_LIB_ROOT=:/home/yy/perl5
PERL5LIB=/home/yy/perl5/lib/perl5:
LOGNAME=yy
GNOME_DESKTOP_SESSION_ID=this-is-deprecated
UVM_HOME=/home/yy/EDA/uvm-1.2
HOSTNAME=localhost.localdomain
XDG_VTNR=1
QT_IM_MODULE=ibus
SHLVL=2
MAKEOVERRIDES=${-*-command-variables-*-}
GNOME_SHELL_SESSION_MODE=classic
XDG_SESSION_ID=1
USER=yy
QTLIB=/usr/lib64/qt-3.3/lib
XDG_CURRENT_DESKTOP=GNOME-Classic:GNOME
OLDPWD=/home/yy/Desktop/My_prog/git_repo
IMSETTINGS_MODULE=none
MAKEFLAGS=SEED=344
MFLAGS=
MAIL=/var/spool/mail/yy
PERL_MB_OPT=--install_base /home/yy/perl5
SEED=344
HISTSIZE=1000
WINDOWPATH=1
QTINC=/usr/lib64/qt-3.3/include
QTDIR=/usr/lib64/qt-3.3
LANG=en_US.UTF-8
TERM=xterm-256color
MAKELEVEL=1
VCS_PATHMAP_PRELOAD_DONE=1
LC_ALL=C
DVE=/home/yy/EDA/VCS2016/gui/dve
SPECMAN_OUTPUT_TO_TTY=1
Runtime command line arguments:
argv[0]=./simv
argv[1]=+fsdbfile+test.fsdb
argv[2]=+ntb_solver_mode=1
argv[3]=-cm
argv[4]=line+tgl
argv[5]=+ntb_random_seed=344
argv[6]=-l
argv[7]=run.log
218 profile - 100
          CPU/Mem usage: 0.150 sys,  0.190 user,  129.38M sys,  0.00M vm
219 VC callback profile - scalar:0 vector:0
220 Thu Nov 16 10:35:27 2017
221 pliAppInit
222 *Verdi3* : FSDB_GATE is set.
223 *Verdi3* : FSDB_RTL is set.
224 *Verdi3* : Enable Parallel Dumping.
225 pliAppMiscSet: New Sim Round
226 pliEntryInit
227 LIBSSCORE=found /home/yy/EDA/disk2/verdi2016_06/share/PLI/lib/LINUX/libsscore_vcs201606.so through $NOVAS_HOME setting.
228 FSDB Dumper for VCS, Release Verdi3_L-2016.06-1, Linux, 07/10/2016
229 (C) 1996 - 2016 by Synopsys, Inc.
230 sps_call_fsdbDumpfile at 0 : tests/test.sv(93)
231 argv[0]: test.fsdb
232 *Verdi3* FSDB WARNING: The FSDB file already exists. Overwriting the FSDB file may crash the programs that are using this file.
233 *Verdi3* : Create FSDB file 'test.fsdb'
234 sps_call_fsdbDumpvars at 0 : tests/test.sv(94)
235 argv[0]: +all
236 *Verdi3* : Begin traversing the scopes, layer (0).
237 *Verdi3* : Enable +all dumping.
238 *Verdi3* : End of traversing.
239 fsdbDumpvars traverse var: profile - 
          CPU/Mem usage: 0.160 sys,  0.190 user,  214.95M sys,  0.00M vm
                   incr: 0.000 sys,  0.000 user,  8.13M sys,  0.00M vm
                   accu: 0.000 sys,  0.000 user,  8.13M sys,  0.00M vm
              accu incr: 0.000 sys,  0.000 user,  8.13M sys,  0.00M vm

          Count usage: 30 var,  30 idcode,  18 callback
                 incr: 30 var,  30 idcode,  18 callback
                 accu: 30 var,  30 idcode,  18 callback
            accu incr: 30 var,  30 idcode,  18 callback
240 VC callback profile - scalar:0 vector:0
241 Thu Nov 16 10:35:27 2017
242 fsdbDumpvars: profile - 
          CPU/Mem usage: 0.160 sys,  0.190 user,  216.01M sys,  0.00M vm
                   incr: 0.000 sys,  0.000 user,  1.05M sys,  0.00M vm
                   accu: 0.000 sys,  0.000 user,  9.19M sys,  0.00M vm
              accu incr: 0.000 sys,  0.000 user,  1.05M sys,  0.00M vm

          Count usage: 30 var,  30 idcode,  18 callback
                 incr: 0 var,  0 idcode,  0 callback
                 accu: 30 var,  30 idcode,  18 callback
            accu incr: 0 var,  0 idcode,  0 callback
243 VC callback profile - scalar:3 vector:15
244 Thu Nov 16 10:35:27 2017
245 End of simulation at 71497050
246 VC callback profile - scalar:1629443 vector:6440015
247 Thu Nov 16 10:35:29 2017
248 Parallel profile    -  Flush:3 Expand:0 ProduceWait:0 ConsumerWait:33 BlockUsed:53
249                        ProduceTime:2.615000061 ConsumerTime:2.123526614 Buffer:64MB
250 SimExit
251 Sim process exit
