Command: ./simv +fsdbfile+test.fsdb +ntb_random_seed= -l run1.log
Chronologic VCS simulator copyright 1991-2016
Contains Synopsys proprietary information.
Compiler version L-2016.06; Runtime version L-2016.06;  Oct 28 17:51 2017
*Verdi3* Loading libsscore_vcs201606.so
*Verdi3* : FSDB_GATE is set.
*Verdi3* : FSDB_RTL is set.
*Verdi3* : Enable Parallel Dumping.
FSDB Dumper for VCS, Release Verdi3_L-2016.06-1, Linux, 07/10/2016
(C) 1996 - 2016 by Synopsys, Inc.
*Verdi3* FSDB WARNING: The FSDB file already exists. Overwriting the FSDB file may crash the programs that are using this file.
*Verdi3* : Create FSDB file 'test.fsdb'
*Verdi3* : Begin traversing the scopes, layer (0).
*Verdi3* : Enable +all dumping.
*Verdi3* : End of traversing.

Error-[FCIBH] Illegal bin hit
/home/yy/Desktop/My_prog/exercise9/1-5/tests/test.sv, 27
test, "test::co_p"
  VERIFICATION ERROR (FUNCTIONAL COVERAGE) : At time 5250 ns, Illegal bin 
  maxNnotAdd of cross crossyy in covergroup test::co_p got hit with sample 
  values  opcode_cp=DIV operand1=-0x80
  Covergroup Instance: cp 
  Design hierarchy: top.testyy

#0 in unnamed$$_0 at tests/test.sv:42
#1 in top.testyy at tests/test.sv:35
           V C S   S i m u l a t i o n   R e p o r t 
Time: 5250 ns
CPU Time:      0.290 seconds;       Data structure size:   0.0Mb
Sat Oct 28 17:51:10 2017
